2023-07-07 9:59:56 - PHP Unknown:  mysqli::real_escape_string(): Passing null to parameter #1 ($string) of type string is deprecated in C:\laragon\www\opencart\system\library\db\mysqli.php on line 53
2023-07-07 9:59:56 - PHP Unknown:  Automatic conversion of false to array is deprecated in C:\laragon\www\opencart\catalog\controller\startup\startup.php on line 103
2023-07-07 9:59:56 - PHP Unknown:  preg_replace(): Passing null to parameter #3 ($subject) of type array|string is deprecated in C:\laragon\www\opencart\storage\modification\system\engine\action.php on line 65
2023-07-07 9:59:56 - PHP Unknown:  round(): Passing null to parameter #1 ($num) of type int|float is deprecated in C:\laragon\www\opencart\catalog\model\catalog\product.php on line 275
2023-07-07 9:59:56 - PHP Unknown:  Automatic conversion of false to array is deprecated in C:\laragon\www\opencart\catalog\model\catalog\product.php on line 496
2023-07-07 9:59:56 - PHP Unknown:  round(): Passing null to parameter #1 ($num) of type int|float is deprecated in C:\laragon\www\opencart\catalog\model\catalog\product.php on line 275
2023-07-07 9:59:56 - PHP Unknown:  round(): Passing null to parameter #1 ($num) of type int|float is deprecated in C:\laragon\www\opencart\catalog\model\catalog\product.php on line 275
2023-07-07 9:59:56 - PHP Unknown:  round(): Passing null to parameter #1 ($num) of type int|float is deprecated in C:\laragon\www\opencart\catalog\model\catalog\product.php on line 275
2023-07-07 9:59:56 - PHP Unknown:  round(): Passing null to parameter #1 ($num) of type int|float is deprecated in C:\laragon\www\opencart\catalog\model\catalog\product.php on line 275
2023-07-07 9:59:56 - PHP Unknown:  round(): Passing null to parameter #1 ($num) of type int|float is deprecated in C:\laragon\www\opencart\catalog\model\catalog\product.php on line 275
2023-07-07 9:59:56 - PHP Unknown:  round(): Passing null to parameter #1 ($num) of type int|float is deprecated in C:\laragon\www\opencart\catalog\model\catalog\product.php on line 275
2023-07-07 9:59:56 - PHP Unknown:  round(): Passing null to parameter #1 ($num) of type int|float is deprecated in C:\laragon\www\opencart\catalog\model\catalog\product.php on line 275
2023-07-07 9:59:56 - PHP Unknown:  round(): Passing null to parameter #1 ($num) of type int|float is deprecated in C:\laragon\www\opencart\catalog\model\catalog\product.php on line 275
2023-07-07 9:59:56 - PHP Unknown:  round(): Passing null to parameter #1 ($num) of type int|float is deprecated in C:\laragon\www\opencart\catalog\model\catalog\product.php on line 275
2023-07-07 9:59:56 - PHP Unknown:  round(): Passing null to parameter #1 ($num) of type int|float is deprecated in C:\laragon\www\opencart\catalog\model\catalog\product.php on line 275
2023-07-07 9:59:56 - PHP Unknown:  round(): Passing null to parameter #1 ($num) of type int|float is deprecated in C:\laragon\www\opencart\catalog\model\catalog\product.php on line 275
2023-07-07 9:59:56 - PHP Unknown:  round(): Passing null to parameter #1 ($num) of type int|float is deprecated in C:\laragon\www\opencart\catalog\model\catalog\product.php on line 275
2023-07-07 9:59:56 - PHP Unknown:  round(): Passing null to parameter #1 ($num) of type int|float is deprecated in C:\laragon\www\opencart\catalog\model\catalog\product.php on line 275
2023-07-07 9:59:56 - PHP Unknown:  round(): Passing null to parameter #1 ($num) of type int|float is deprecated in C:\laragon\www\opencart\catalog\model\catalog\product.php on line 275
2023-07-07 9:59:56 - PHP Unknown:  round(): Passing null to parameter #1 ($num) of type int|float is deprecated in C:\laragon\www\opencart\catalog\model\catalog\product.php on line 275
2023-07-07 9:59:56 - PHP Unknown:  round(): Passing null to parameter #1 ($num) of type int|float is deprecated in C:\laragon\www\opencart\catalog\model\catalog\product.php on line 275
2023-07-07 9:59:56 - PHP Unknown:  round(): Passing null to parameter #1 ($num) of type int|float is deprecated in C:\laragon\www\opencart\catalog\model\catalog\product.php on line 275
2023-07-07 9:59:56 - PHP Unknown:  round(): Passing null to parameter #1 ($num) of type int|float is deprecated in C:\laragon\www\opencart\catalog\model\catalog\product.php on line 275
2023-07-07 9:59:56 - PHP Unknown:  round(): Passing null to parameter #1 ($num) of type int|float is deprecated in C:\laragon\www\opencart\catalog\model\catalog\product.php on line 275
2023-07-07 9:59:56 - PHP Unknown:  round(): Passing null to parameter #1 ($num) of type int|float is deprecated in C:\laragon\www\opencart\catalog\model\catalog\product.php on line 275
2023-07-07 9:59:56 - PHP Unknown:  round(): Passing null to parameter #1 ($num) of type int|float is deprecated in C:\laragon\www\opencart\catalog\model\catalog\product.php on line 275
2023-07-07 9:59:56 - PHP Unknown:  round(): Passing null to parameter #1 ($num) of type int|float is deprecated in C:\laragon\www\opencart\catalog\model\catalog\product.php on line 275
2023-07-07 9:59:56 - PHP Unknown:  round(): Passing null to parameter #1 ($num) of type int|float is deprecated in C:\laragon\www\opencart\catalog\model\catalog\product.php on line 275
2023-07-07 9:59:57 - PHP Unknown:  Return type of Twig\Node\Node::count() should either be compatible with Countable::count(): int, or the #[\ReturnTypeWillChange] attribute should be used to temporarily suppress the notice in C:\laragon\www\opencart\storage\vendor\twig\twig\src\Node\Node.php on line 161
2023-07-07 9:59:57 - PHP Unknown:  Return type of Twig\Node\Node::getIterator() should either be compatible with IteratorAggregate::getIterator(): Traversable, or the #[\ReturnTypeWillChange] attribute should be used to temporarily suppress the notice in C:\laragon\www\opencart\storage\vendor\twig\twig\src\Node\Node.php on line 166
2023-07-07 10:00:15 - PHP Unknown:  mysqli::real_escape_string(): Passing null to parameter #1 ($string) of type string is deprecated in C:\laragon\www\opencart\system\library\db\mysqli.php on line 53
2023-07-07 10:00:15 - PHP Unknown:  preg_replace(): Passing null to parameter #3 ($subject) of type array|string is deprecated in C:\laragon\www\opencart\storage\modification\system\engine\action.php on line 65
2023-07-07 10:00:15 - PHP Unknown:  round(): Passing null to parameter #1 ($num) of type int|float is deprecated in C:\laragon\www\opencart\catalog\model\catalog\product.php on line 275
2023-07-07 10:00:15 - PHP Unknown:  round(): Passing null to parameter #1 ($num) of type int|float is deprecated in C:\laragon\www\opencart\catalog\model\catalog\product.php on line 275
2023-07-07 10:00:15 - PHP Unknown:  round(): Passing null to parameter #1 ($num) of type int|float is deprecated in C:\laragon\www\opencart\catalog\model\catalog\product.php on line 275
2023-07-07 10:00:15 - PHP Unknown:  round(): Passing null to parameter #1 ($num) of type int|float is deprecated in C:\laragon\www\opencart\catalog\model\catalog\product.php on line 275
2023-07-07 10:00:15 - PHP Unknown:  round(): Passing null to parameter #1 ($num) of type int|float is deprecated in C:\laragon\www\opencart\catalog\model\catalog\product.php on line 275
2023-07-07 10:00:15 - PHP Unknown:  round(): Passing null to parameter #1 ($num) of type int|float is deprecated in C:\laragon\www\opencart\catalog\model\catalog\product.php on line 275
2023-07-07 10:00:15 - PHP Unknown:  round(): Passing null to parameter #1 ($num) of type int|float is deprecated in C:\laragon\www\opencart\catalog\model\catalog\product.php on line 275
2023-07-07 10:00:15 - PHP Unknown:  round(): Passing null to parameter #1 ($num) of type int|float is deprecated in C:\laragon\www\opencart\catalog\model\catalog\product.php on line 275
2023-07-07 10:00:15 - PHP Unknown:  round(): Passing null to parameter #1 ($num) of type int|float is deprecated in C:\laragon\www\opencart\catalog\model\catalog\product.php on line 275
2023-07-07 10:00:15 - PHP Unknown:  round(): Passing null to parameter #1 ($num) of type int|float is deprecated in C:\laragon\www\opencart\catalog\model\catalog\product.php on line 275
2023-07-07 10:00:15 - PHP Unknown:  round(): Passing null to parameter #1 ($num) of type int|float is deprecated in C:\laragon\www\opencart\catalog\model\catalog\product.php on line 275
2023-07-07 10:00:15 - PHP Unknown:  round(): Passing null to parameter #1 ($num) of type int|float is deprecated in C:\laragon\www\opencart\catalog\model\catalog\product.php on line 275
2023-07-07 10:00:16 - PHP Unknown:  mysqli::real_escape_string(): Passing null to parameter #1 ($string) of type string is deprecated in C:\laragon\www\opencart\system\library\db\mysqli.php on line 53
2023-07-07 10:00:16 - PHP Unknown:  preg_replace(): Passing null to parameter #3 ($subject) of type array|string is deprecated in C:\laragon\www\opencart\storage\modification\system\engine\action.php on line 65
2023-07-07 10:00:16 - PHP Unknown:  round(): Passing null to parameter #1 ($num) of type int|float is deprecated in C:\laragon\www\opencart\catalog\model\catalog\product.php on line 275
2023-07-07 10:00:16 - PHP Unknown:  round(): Passing null to parameter #1 ($num) of type int|float is deprecated in C:\laragon\www\opencart\catalog\model\catalog\product.php on line 275
2023-07-07 10:00:16 - PHP Unknown:  round(): Passing null to parameter #1 ($num) of type int|float is deprecated in C:\laragon\www\opencart\catalog\model\catalog\product.php on line 275
2023-07-07 10:00:16 - PHP Unknown:  round(): Passing null to parameter #1 ($num) of type int|float is deprecated in C:\laragon\www\opencart\catalog\model\catalog\product.php on line 275
2023-07-07 10:00:16 - PHP Unknown:  round(): Passing null to parameter #1 ($num) of type int|float is deprecated in C:\laragon\www\opencart\catalog\model\catalog\product.php on line 275
2023-07-07 10:00:16 - PHP Unknown:  round(): Passing null to parameter #1 ($num) of type int|float is deprecated in C:\laragon\www\opencart\catalog\model\catalog\product.php on line 275
2023-07-07 10:00:16 - PHP Unknown:  round(): Passing null to parameter #1 ($num) of type int|float is deprecated in C:\laragon\www\opencart\catalog\model\catalog\product.php on line 275
2023-07-07 10:00:16 - PHP Unknown:  round(): Passing null to parameter #1 ($num) of type int|float is deprecated in C:\laragon\www\opencart\catalog\model\catalog\product.php on line 275
2023-07-07 10:00:16 - PHP Unknown:  round(): Passing null to parameter #1 ($num) of type int|float is deprecated in C:\laragon\www\opencart\catalog\model\catalog\product.php on line 275
2023-07-07 10:00:16 - PHP Unknown:  round(): Passing null to parameter #1 ($num) of type int|float is deprecated in C:\laragon\www\opencart\catalog\model\catalog\product.php on line 275
2023-07-07 10:00:16 - PHP Unknown:  round(): Passing null to parameter #1 ($num) of type int|float is deprecated in C:\laragon\www\opencart\catalog\model\catalog\product.php on line 275
2023-07-07 10:00:16 - PHP Unknown:  round(): Passing null to parameter #1 ($num) of type int|float is deprecated in C:\laragon\www\opencart\catalog\model\catalog\product.php on line 275
2023-07-07 10:00:17 - PHP Unknown:  mysqli::real_escape_string(): Passing null to parameter #1 ($string) of type string is deprecated in C:\laragon\www\opencart\system\library\db\mysqli.php on line 53
2023-07-07 10:00:17 - PHP Unknown:  preg_replace(): Passing null to parameter #3 ($subject) of type array|string is deprecated in C:\laragon\www\opencart\storage\modification\system\engine\action.php on line 65
2023-07-07 10:00:17 - PHP Unknown:  round(): Passing null to parameter #1 ($num) of type int|float is deprecated in C:\laragon\www\opencart\catalog\model\catalog\product.php on line 275
2023-07-07 10:00:17 - PHP Unknown:  round(): Passing null to parameter #1 ($num) of type int|float is deprecated in C:\laragon\www\opencart\catalog\model\catalog\product.php on line 275
2023-07-07 10:00:17 - PHP Unknown:  round(): Passing null to parameter #1 ($num) of type int|float is deprecated in C:\laragon\www\opencart\catalog\model\catalog\product.php on line 275
2023-07-07 10:00:17 - PHP Unknown:  round(): Passing null to parameter #1 ($num) of type int|float is deprecated in C:\laragon\www\opencart\catalog\model\catalog\product.php on line 275
2023-07-07 10:00:17 - PHP Unknown:  round(): Passing null to parameter #1 ($num) of type int|float is deprecated in C:\laragon\www\opencart\catalog\model\catalog\product.php on line 275
2023-07-07 10:00:17 - PHP Unknown:  round(): Passing null to parameter #1 ($num) of type int|float is deprecated in C:\laragon\www\opencart\catalog\model\catalog\product.php on line 275
2023-07-07 10:00:17 - PHP Unknown:  round(): Passing null to parameter #1 ($num) of type int|float is deprecated in C:\laragon\www\opencart\catalog\model\catalog\product.php on line 275
2023-07-07 10:00:17 - PHP Unknown:  round(): Passing null to parameter #1 ($num) of type int|float is deprecated in C:\laragon\www\opencart\catalog\model\catalog\product.php on line 275
2023-07-07 10:00:17 - PHP Unknown:  round(): Passing null to parameter #1 ($num) of type int|float is deprecated in C:\laragon\www\opencart\catalog\model\catalog\product.php on line 275
2023-07-07 10:00:17 - PHP Unknown:  round(): Passing null to parameter #1 ($num) of type int|float is deprecated in C:\laragon\www\opencart\catalog\model\catalog\product.php on line 275
2023-07-07 10:00:17 - PHP Unknown:  round(): Passing null to parameter #1 ($num) of type int|float is deprecated in C:\laragon\www\opencart\catalog\model\catalog\product.php on line 275
2023-07-07 10:00:17 - PHP Unknown:  round(): Passing null to parameter #1 ($num) of type int|float is deprecated in C:\laragon\www\opencart\catalog\model\catalog\product.php on line 275
2023-07-07 10:16:00 - PHP Notice:  Trying to access array offset on value of type bool in C:\laragon\www\opencart\storage\modification\catalog\controller\extension\module\featured.php on line 29
2023-07-07 10:16:00 - PHP Notice:  Trying to access array offset on value of type bool in C:\laragon\www\opencart\storage\modification\catalog\controller\extension\module\featured.php on line 29
2023-07-07 10:16:00 - PHP Notice:  Trying to access array offset on value of type bool in C:\laragon\www\opencart\storage\modification\catalog\controller\extension\module\featured.php on line 29
2023-07-07 10:16:00 - PHP Notice:  Trying to access array offset on value of type bool in C:\laragon\www\opencart\storage\modification\catalog\controller\extension\module\featured.php on line 29
2023-07-07 10:16:07 - PHP Notice:  Trying to access array offset on value of type bool in C:\laragon\www\opencart\storage\modification\catalog\controller\extension\module\featured.php on line 29
2023-07-07 10:16:07 - PHP Notice:  Trying to access array offset on value of type bool in C:\laragon\www\opencart\storage\modification\catalog\controller\extension\module\featured.php on line 29
2023-07-07 10:16:07 - PHP Notice:  Trying to access array offset on value of type bool in C:\laragon\www\opencart\storage\modification\catalog\controller\extension\module\featured.php on line 29
2023-07-07 10:16:07 - PHP Notice:  Trying to access array offset on value of type bool in C:\laragon\www\opencart\storage\modification\catalog\controller\extension\module\featured.php on line 29
2023-07-07 10:16:20 - PHP Notice:  Trying to access array offset on value of type bool in C:\laragon\www\opencart\storage\modification\catalog\controller\extension\module\featured.php on line 29
2023-07-07 10:16:20 - PHP Notice:  Trying to access array offset on value of type bool in C:\laragon\www\opencart\storage\modification\catalog\controller\extension\module\featured.php on line 29
2023-07-07 10:16:20 - PHP Notice:  Trying to access array offset on value of type bool in C:\laragon\www\opencart\storage\modification\catalog\controller\extension\module\featured.php on line 29
2023-07-07 10:16:20 - PHP Notice:  Trying to access array offset on value of type bool in C:\laragon\www\opencart\storage\modification\catalog\controller\extension\module\featured.php on line 29
2023-07-07 10:16:56 - PHP Notice:  Trying to access array offset on value of type bool in C:\laragon\www\opencart\storage\modification\catalog\controller\extension\module\featured.php on line 29
2023-07-07 10:16:56 - PHP Notice:  Trying to access array offset on value of type bool in C:\laragon\www\opencart\storage\modification\catalog\controller\extension\module\featured.php on line 29
2023-07-07 10:16:56 - PHP Notice:  Trying to access array offset on value of type bool in C:\laragon\www\opencart\storage\modification\catalog\controller\extension\module\featured.php on line 29
2023-07-07 10:16:56 - PHP Notice:  Trying to access array offset on value of type bool in C:\laragon\www\opencart\storage\modification\catalog\controller\extension\module\featured.php on line 29
2023-07-07 10:17:05 - PHP Notice:  Trying to access array offset on value of type bool in C:\laragon\www\opencart\storage\modification\catalog\controller\extension\module\featured.php on line 28
2023-07-07 10:17:05 - PHP Notice:  Trying to access array offset on value of type bool in C:\laragon\www\opencart\storage\modification\catalog\controller\extension\module\featured.php on line 29
2023-07-07 10:17:05 - PHP Notice:  Trying to access array offset on value of type bool in C:\laragon\www\opencart\storage\modification\catalog\controller\extension\module\featured.php on line 28
2023-07-07 10:17:05 - PHP Notice:  Trying to access array offset on value of type bool in C:\laragon\www\opencart\storage\modification\catalog\controller\extension\module\featured.php on line 29
2023-07-07 10:17:05 - PHP Notice:  Trying to access array offset on value of type bool in C:\laragon\www\opencart\storage\modification\catalog\controller\extension\module\featured.php on line 28
2023-07-07 10:17:05 - PHP Notice:  Trying to access array offset on value of type bool in C:\laragon\www\opencart\storage\modification\catalog\controller\extension\module\featured.php on line 29
2023-07-07 10:17:05 - PHP Notice:  Trying to access array offset on value of type bool in C:\laragon\www\opencart\storage\modification\catalog\controller\extension\module\featured.php on line 28
2023-07-07 10:17:05 - PHP Notice:  Trying to access array offset on value of type bool in C:\laragon\www\opencart\storage\modification\catalog\controller\extension\module\featured.php on line 29
2023-07-07 10:17:41 - PHP Notice:  Trying to access array offset on value of type bool in C:\laragon\www\opencart\storage\modification\catalog\controller\extension\module\featured.php on line 28
2023-07-07 10:17:41 - PHP Notice:  Trying to access array offset on value of type bool in C:\laragon\www\opencart\storage\modification\catalog\controller\extension\module\featured.php on line 29
2023-07-07 10:17:41 - PHP Notice:  Trying to access array offset on value of type bool in C:\laragon\www\opencart\storage\modification\catalog\controller\extension\module\featured.php on line 28
2023-07-07 10:17:41 - PHP Notice:  Trying to access array offset on value of type bool in C:\laragon\www\opencart\storage\modification\catalog\controller\extension\module\featured.php on line 29
2023-07-07 10:17:41 - PHP Notice:  Trying to access array offset on value of type bool in C:\laragon\www\opencart\storage\modification\catalog\controller\extension\module\featured.php on line 28
2023-07-07 10:17:41 - PHP Notice:  Trying to access array offset on value of type bool in C:\laragon\www\opencart\storage\modification\catalog\controller\extension\module\featured.php on line 29
2023-07-07 10:17:41 - PHP Notice:  Trying to access array offset on value of type bool in C:\laragon\www\opencart\storage\modification\catalog\controller\extension\module\featured.php on line 28
2023-07-07 10:17:41 - PHP Notice:  Trying to access array offset on value of type bool in C:\laragon\www\opencart\storage\modification\catalog\controller\extension\module\featured.php on line 29
2023-07-07 10:18:49 - PHP Notice:  Trying to access array offset on value of type bool in C:\laragon\www\opencart\storage\modification\catalog\controller\extension\module\featured.php on line 28
